2025-09-25T20:36:34: 
2025-09-25T20:36:34: > tootie-treats@1.0.0 dev
2025-09-25T20:36:34: > vite
2025-09-25T20:36:34: 
2025-09-25T20:36:35: 
2025-09-25T20:36:35:   VITE v5.4.20  ready in 252 ms
2025-09-25T20:36:35: 
2025-09-25T20:36:35:   ➜  Local:   http://localhost:5173/
2025-09-25T20:36:35:   ➜  Network: http://148.230.95.162:5173/
2025-09-25T20:36:35:   ➜  Network: http://10.0.1.1:5173/
2025-09-25T20:36:35:   ➜  Network: http://10.0.5.1:5173/
2025-09-25T20:36:35:   ➜  Network: http://10.0.6.1:5173/
2025-09-25T20:36:35:   ➜  Network: http://10.0.3.1:5173/
2025-09-25T20:36:35:   ➜  Network: http://10.0.4.1:5173/
2025-09-25T20:36:35:   ➜  Network: http://10.0.0.1:5173/
2025-09-25T21:36:09: 9:36:09 PM [vite] hmr update /src/sections/Hero.jsx, /src/styles.css
2025-09-25T21:36:51: 9:36:51 PM [vite] hmr update /src/sections/Highlights.jsx, /src/styles.css
2025-09-25T21:37:46: 9:37:46 PM [vite] hmr update /src/sections/Classes.jsx, /src/styles.css
2025-09-25T21:39:30: 9:39:30 PM [vite] hmr update /src/sections/Process.jsx, /src/styles.css
2025-09-25T21:41:42: 9:41:42 PM [vite] hmr update /src/sections/FAQ.jsx, /src/styles.css
2025-09-25T21:42:38: 9:42:38 PM [vite] hmr update /src/sections/Contact.jsx, /src/styles.css
2025-09-25T21:42:52: 9:42:52 PM [vite] hmr update /src/components/Footer.jsx, /src/styles.css
2025-09-25T21:43:08: 9:43:08 PM [vite] hmr update /src/App.jsx, /src/styles.css
2025-09-25T21:43:33: 9:43:33 PM [vite] hmr update /src/sections/Testimonials.jsx, /src/styles.css
2025-09-26T05:13:15: 
2025-09-26T05:13:15: > tootie-treats@1.0.0 dev
2025-09-26T05:13:15: > vite
2025-09-26T05:13:15: 
2025-09-26T05:13:16: 
2025-09-26T05:13:16:   VITE v5.4.20  ready in 595 ms
2025-09-26T05:13:16: 
2025-09-26T05:13:16:   ➜  Local:   http://localhost:5173/
2025-09-26T05:13:16:   ➜  Network: http://148.230.95.162:5173/
2025-09-26T05:13:16:   ➜  Network: http://10.0.1.1:5173/
2025-09-26T05:13:16:   ➜  Network: http://10.0.5.1:5173/
2025-09-26T05:13:16:   ➜  Network: http://10.0.6.1:5173/
2025-09-26T05:13:16:   ➜  Network: http://10.0.3.1:5173/
2025-09-26T05:13:16:   ➜  Network: http://10.0.4.1:5173/
2025-09-26T05:13:16:   ➜  Network: http://10.0.0.1:5173/
2025-09-26T07:20:17: 7:20:17 AM [vite] page reload src/main.jsx
2025-09-26T07:20:33: 7:20:33 AM [vite] hmr update /src/App.jsx, /src/styles.css
2025-09-26T07:20:55: 7:20:55 AM [vite] hmr update /src/sections/Hero.jsx, /src/styles.css
2025-09-26T07:21:28: 7:21:28 AM [vite] hmr update /src/sections/Hero.jsx, /src/styles.css
2025-09-26T07:21:49: 7:21:49 AM [vite] hmr update /src/sections/Highlights.jsx, /src/styles.css
2025-09-26T07:22:08: 7:22:08 AM [vite] hmr update /src/sections/Contact.jsx, /src/styles.css
2025-09-26T07:24:21: 
2025-09-26T07:24:21: > tootie-treats@1.0.0 dev
2025-09-26T07:24:21: > vite
2025-09-26T07:24:21: 
2025-09-26T07:24:22: 
2025-09-26T07:24:22:   VITE v5.4.20  ready in 380 ms
2025-09-26T07:24:22: 
2025-09-26T07:24:22:   ➜  Local:   http://localhost:5173/
2025-09-26T07:24:22:   ➜  Network: http://148.230.95.162:5173/
2025-09-26T07:24:22:   ➜  Network: http://10.0.1.1:5173/
2025-09-26T07:24:22:   ➜  Network: http://10.0.5.1:5173/
2025-09-26T07:24:22:   ➜  Network: http://10.0.6.1:5173/
2025-09-26T07:24:22:   ➜  Network: http://10.0.3.1:5173/
2025-09-26T07:24:22:   ➜  Network: http://10.0.4.1:5173/
2025-09-26T07:24:22:   ➜  Network: http://10.0.0.1:5173/
2025-09-26T07:25:38: 7:25:38 AM [vite] hmr update /src/components/CMSToolbar.jsx, /src/styles.css
2025-09-26T07:25:38: 7:25:38 AM [vite] hmr update /src/components/EditableText.jsx, /src/styles.css
2025-09-26T07:25:38: 7:25:38 AM [vite] hmr update /src/components/EditableList.jsx, /src/styles.css
2025-09-26T07:25:52: 7:25:52 AM [vite] hmr update /src/App.jsx, /src/styles.css
2025-09-26T07:25:58: 7:25:58 AM [vite] hmr update /src/App.jsx, /src/styles.css
2025-09-26T07:26:14: 7:26:14 AM [vite] page reload src/main.jsx
2025-09-26T07:26:37: 7:26:37 AM [vite] hmr update /src/sections/Hero.jsx, /src/styles.css
2025-09-26T07:26:52: 7:26:52 AM [vite] hmr update /src/sections/Highlights.jsx, /src/styles.css
2025-09-26T07:27:14: 7:27:14 AM [vite] hmr update /src/sections/Contact.jsx, /src/styles.css
2025-09-26T07:27:48: 
2025-09-26T07:27:48: > tootie-treats@1.0.0 dev
2025-09-26T07:27:48: > vite
2025-09-26T07:27:48: 
2025-09-26T07:27:48: Re-optimizing dependencies because lockfile has changed
2025-09-26T07:27:48: 
2025-09-26T07:27:48:   VITE v5.4.20  ready in 278 ms
2025-09-26T07:27:48: 
2025-09-26T07:27:48:   ➜  Local:   http://localhost:5173/
2025-09-26T07:27:48:   ➜  Network: http://148.230.95.162:5173/
2025-09-26T07:27:48:   ➜  Network: http://10.0.1.1:5173/
2025-09-26T07:27:48:   ➜  Network: http://10.0.5.1:5173/
2025-09-26T07:27:48:   ➜  Network: http://10.0.6.1:5173/
2025-09-26T07:27:48:   ➜  Network: http://10.0.3.1:5173/
2025-09-26T07:27:48:   ➜  Network: http://10.0.4.1:5173/
2025-09-26T07:27:48:   ➜  Network: http://10.0.0.1:5173/
2025-09-26T07:34:13: 7:34:13 AM [vite] hmr update /src/App.jsx, /src/styles.css
2025-09-26T07:34:54: 7:34:54 AM [vite] vite.config.js changed, restarting server...
2025-09-26T07:35:07: 7:35:07 AM [vite] ✨ new dependencies optimized: react-router-dom
2025-09-26T07:35:07: 7:35:07 AM [vite] ✨ optimized dependencies changed. reloading
2025-09-26T07:35:12: 7:35:12 AM [vite] hmr update /src/components/Footer.jsx, /src/styles.css
2025-09-26T07:35:24: 
2025-09-26T07:35:24: > tootie-treats@1.0.0 dev
2025-09-26T07:35:24: > vite
2025-09-26T07:35:24: 
2025-09-26T07:35:26: 
2025-09-26T07:35:26: > tootie-treats@1.0.0 dev
2025-09-26T07:35:26: > vite
2025-09-26T07:35:26: 
2025-09-26T07:35:28: 
2025-09-26T07:35:28: > tootie-treats@1.0.0 dev
2025-09-26T07:35:28: > vite
2025-09-26T07:35:28: 
2025-09-26T07:35:30: 
2025-09-26T07:35:30: > tootie-treats@1.0.0 dev
2025-09-26T07:35:30: > vite
2025-09-26T07:35:30: 
2025-09-26T07:35:32: 
2025-09-26T07:35:32: > tootie-treats@1.0.0 dev
2025-09-26T07:35:32: > vite
2025-09-26T07:35:32: 
2025-09-26T07:35:33: 
2025-09-26T07:35:33: > tootie-treats@1.0.0 dev
2025-09-26T07:35:33: > vite
2025-09-26T07:35:33: 
2025-09-26T07:35:35: 
2025-09-26T07:35:35: > tootie-treats@1.0.0 dev
2025-09-26T07:35:35: > vite
2025-09-26T07:35:35: 
2025-09-26T07:35:37: 
2025-09-26T07:35:37: > tootie-treats@1.0.0 dev
2025-09-26T07:35:37: > vite
2025-09-26T07:35:37: 
2025-09-26T07:35:39: 
2025-09-26T07:35:39: > tootie-treats@1.0.0 dev
2025-09-26T07:35:39: > vite
2025-09-26T07:35:39: 
2025-09-26T07:35:58: 
2025-09-26T07:35:58: > tootie-treats@1.0.0 dev
2025-09-26T07:35:58: > vite
2025-09-26T07:35:58: 
2025-09-26T07:35:59: 
2025-09-26T07:35:59:   VITE v5.4.20  ready in 203 ms
2025-09-26T07:35:59: 
2025-09-26T07:35:59:   ➜  Local:   http://localhost:5173/
2025-09-26T07:35:59:   ➜  Network: http://148.230.95.162:5173/
2025-09-26T07:35:59:   ➜  Network: http://10.0.1.1:5173/
2025-09-26T07:35:59:   ➜  Network: http://10.0.5.1:5173/
2025-09-26T07:35:59:   ➜  Network: http://10.0.6.1:5173/
2025-09-26T07:35:59:   ➜  Network: http://10.0.3.1:5173/
2025-09-26T07:35:59:   ➜  Network: http://10.0.4.1:5173/
2025-09-26T07:35:59:   ➜  Network: http://10.0.0.1:5173/
2025-09-26T07:36:41: 7:36:41 AM [vite] ✨ new dependencies optimized: @keystatic/core/ui, @keystatic/core
2025-09-26T07:36:41: 7:36:41 AM [vite] ✨ optimized dependencies changed. reloading
2025-09-26T07:39:48: 7:39:48 AM [vite] hmr update /src/App.jsx, /src/styles.css
2025-09-26T07:39:48: 7:39:48 AM [vite] hmr update /src/App.jsx, /src/styles.css
2025-09-26T07:39:48: 7:39:48 AM [vite] hmr update /src/pages/HomePage.jsx, /src/styles.css
2025-09-26T07:40:02: 7:40:02 AM [vite] hmr update /src/App.jsx, /src/styles.css
2025-09-26T07:40:07: 7:40:07 AM [vite] hmr update /src/components/Footer.jsx, /src/styles.css
2025-09-26T07:40:19: 
2025-09-26T07:40:19: > tootie-treats@1.0.0 dev
2025-09-26T07:40:19: > vite
2025-09-26T07:40:19: 
2025-09-26T07:40:19: Re-optimizing dependencies because lockfile has changed
2025-09-26T07:40:20: 
2025-09-26T07:40:20:   VITE v5.4.20  ready in 233 ms
2025-09-26T07:40:20: 
2025-09-26T07:40:20:   ➜  Local:   http://localhost:5173/
2025-09-26T07:40:20:   ➜  Network: http://148.230.95.162:5173/
2025-09-26T07:40:20:   ➜  Network: http://10.0.1.1:5173/
2025-09-26T07:40:20:   ➜  Network: http://10.0.5.1:5173/
2025-09-26T07:40:20:   ➜  Network: http://10.0.6.1:5173/
2025-09-26T07:40:20:   ➜  Network: http://10.0.3.1:5173/
2025-09-26T07:40:20:   ➜  Network: http://10.0.4.1:5173/
2025-09-26T07:40:20:   ➜  Network: http://10.0.0.1:5173/
2025-09-26T07:47:42: 
2025-09-26T07:47:42: > tootie-treats@1.0.0 dev
2025-09-26T07:47:42: > next dev
2025-09-26T07:47:42: 
2025-09-26T07:47:43:    ▲ Next.js 15.5.4
2025-09-26T07:47:43:    - Local:        http://localhost:3000
2025-09-26T07:47:43:    - Network:      http://148.230.95.162:3000
2025-09-26T07:47:43: 
2025-09-26T07:47:43:  ✓ Starting...
2025-09-26T07:47:43: Attention: Next.js now collects completely anonymous telemetry regarding usage.
2025-09-26T07:47:43: This information is used to shape Next.js' roadmap and prioritize features.
2025-09-26T07:47:43: You can learn more, including how to opt-out if you'd not like to participate in this anonymous program, by visiting the following URL:
2025-09-26T07:47:43: https://nextjs.org/telemetry
2025-09-26T07:47:43: 
2025-09-26T07:47:44:  ✓ Ready in 1153ms
2025-09-26T07:48:07:    ▲ Next.js 15.5.4
2025-09-26T07:48:07:    - Local:        http://localhost:3000
2025-09-26T07:48:07:    - Network:      http://148.230.95.162:3000
2025-09-26T07:48:07: 
2025-09-26T07:48:07:  ✓ Starting...
2025-09-26T07:48:08:  ✓ Ready in 1174ms
2025-09-26T07:48:12:  ○ Compiling / ...
2025-09-26T07:48:21:  GET / 500 in 9383ms
2025-09-26T07:48:51: [?25h
2025-09-26T07:48:51: 
2025-09-26T07:48:51: > tootie-treats@1.0.0 dev
2025-09-26T07:48:51: > next dev
2025-09-26T07:48:51: 
2025-09-26T07:48:52:    ▲ Next.js 15.5.4
2025-09-26T07:48:52:    - Local:        http://localhost:3000
2025-09-26T07:48:52:    - Network:      http://148.230.95.162:3000
2025-09-26T07:48:52: 
2025-09-26T07:48:52:  ✓ Starting...
2025-09-26T07:48:53:  ✓ Ready in 1121ms
2025-09-26T07:49:02:  ○ Compiling / ...
2025-09-26T07:49:09:  GET / 500 in 7352ms
2025-09-26T07:49:48:  ✓ Compiled /_error in 380ms (960 modules)
2025-09-26T07:49:56:  ✓ Compiled in 235ms (397 modules)
2025-09-26T07:50:04:  ✓ Compiled in 266ms (397 modules)
2025-09-26T07:50:17:  GET / 200 in 831ms
2025-09-26T08:05:51:  GET / 200 in 406ms
2025-09-26T08:06:05:  GET / 200 in 408ms
2025-09-26T08:06:11:  HEAD / 200 in 205ms
2025-09-26T08:06:17:  GET / 200 in 257ms
2025-09-26T08:27:39:  HEAD / 200 in 248ms
2025-09-26T08:27:46:  GET / 200 in 350ms
2025-09-26T08:28:23:  GET / 200 in 522ms
2025-09-26T08:28:23:  GET /tootie.svg 404 in 53ms
2025-09-26T08:28:26:  GET / 200 in 317ms
2025-09-26T08:29:38:  ✓ Compiled in 627ms (483 modules)
2025-09-26T08:30:36:  ✓ Compiled in 297ms (392 modules)
2025-09-26T08:30:41: It looks like you're trying to use TypeScript but do not have the required package(s) installed.
2025-09-26T08:30:41: Installing dependencies
2025-09-26T08:30:41: 
2025-09-26T08:30:41: If you are not trying to use TypeScript, please remove the tsconfig.json file from your package root (and any TypeScript files in your app and pages directories).
2025-09-26T08:30:41: 
2025-09-26T08:30:41:  ✓ Compiled in 273ms (392 modules)
2025-09-26T08:30:41: 
2025-09-26T08:30:41: Installing devDependencies (npm):
2025-09-26T08:30:41: - typescript
2025-09-26T08:30:41: 
2025-09-26T08:30:43:  ✓ Compiled in 444ms (483 modules)
2025-09-26T08:30:51:  ✓ Compiled in 181ms (392 modules)
2025-09-26T08:30:52: It looks like you're trying to use TypeScript but do not have the required package(s) installed.
2025-09-26T08:30:52: Installing dependencies
2025-09-26T08:30:52: 
2025-09-26T08:30:52: If you are not trying to use TypeScript, please remove the tsconfig.json file from your package root (and any TypeScript files in your app and pages directories).
2025-09-26T08:30:52: 
2025-09-26T08:30:52: 
2025-09-26T08:30:52: Installing devDependencies (npm):
2025-09-26T08:30:52: - typescript
2025-09-26T08:30:52: 
2025-09-26T08:30:56:  ✓ Compiled in 215ms (392 modules)
2025-09-26T08:30:56: It looks like you're trying to use TypeScript but do not have the required package(s) installed.
2025-09-26T08:30:56: Installing dependencies
2025-09-26T08:30:56: 
2025-09-26T08:30:56: If you are not trying to use TypeScript, please remove the tsconfig.json file from your package root (and any TypeScript files in your app and pages directories).
2025-09-26T08:30:56: 
2025-09-26T08:30:56: 
2025-09-26T08:30:56: Installing devDependencies (npm):
2025-09-26T08:30:56: - typescript
2025-09-26T08:30:56: 
2025-09-26T08:30:58:  ✓ Compiled in 202ms (483 modules)
2025-09-26T08:31:01: It looks like you're trying to use TypeScript but do not have the required package(s) installed.
2025-09-26T08:31:01: Installing dependencies
2025-09-26T08:31:01: 
2025-09-26T08:31:01: If you are not trying to use TypeScript, please remove the tsconfig.json file from your package root (and any TypeScript files in your app and pages directories).
2025-09-26T08:31:01: 
2025-09-26T08:31:01:  ✓ Compiled in 218ms (392 modules)
2025-09-26T08:31:01: 
2025-09-26T08:31:01: Installing devDependencies (npm):
2025-09-26T08:31:01: - typescript
2025-09-26T08:31:01: 
2025-09-26T08:32:03: [?25h
2025-09-26T08:32:04: 
2025-09-26T08:32:04: > tootie-treats@1.0.0 dev
2025-09-26T08:32:04: > next dev
2025-09-26T08:32:04: 
2025-09-26T08:32:05:    ▲ Next.js 15.5.4
2025-09-26T08:32:05:    - Local:        http://localhost:3000
2025-09-26T08:32:05:    - Network:      http://148.230.95.162:3000
2025-09-26T08:32:05: 
2025-09-26T08:32:05:  ✓ Starting...
2025-09-26T08:32:06: It looks like you're trying to use TypeScript but do not have the required package(s) installed.
2025-09-26T08:32:06: Installing dependencies
2025-09-26T08:32:06: 
2025-09-26T08:32:06: If you are not trying to use TypeScript, please remove the tsconfig.json file from your package root (and any TypeScript files in your app and pages directories).
2025-09-26T08:32:06: 
2025-09-26T08:32:06: 
2025-09-26T08:32:06: Installing devDependencies (npm):
2025-09-26T08:32:06: - typescript
2025-09-26T08:32:06: 
2025-09-26T08:32:08: [?25h
2025-09-26T08:32:09: 
2025-09-26T08:32:09: > tootie-treats@1.0.0 dev
2025-09-26T08:32:09: > next dev
2025-09-26T08:32:09: 
2025-09-26T08:32:10:    ▲ Next.js 15.5.4
2025-09-26T08:32:10:    - Local:        http://localhost:3000
2025-09-26T08:32:10:    - Network:      http://148.230.95.162:3000
2025-09-26T08:32:10: 
2025-09-26T08:32:10:  ✓ Starting...
2025-09-26T08:32:11: It looks like you're trying to use TypeScript but do not have the required package(s) installed.
2025-09-26T08:32:11: Installing dependencies
2025-09-26T08:32:11: 
2025-09-26T08:32:11: If you are not trying to use TypeScript, please remove the tsconfig.json file from your package root (and any TypeScript files in your app and pages directories).
2025-09-26T08:32:11: 
2025-09-26T08:32:11: 
2025-09-26T08:32:11: Installing devDependencies (npm):
2025-09-26T08:32:11: - typescript
2025-09-26T08:32:11: 
2025-09-26T08:32:13: [?25h
2025-09-26T08:32:13: 
2025-09-26T08:32:14: 
2025-09-26T08:32:14: > tootie-treats@1.0.0 dev
2025-09-26T08:32:14: > next dev
2025-09-26T08:32:14: 
2025-09-26T08:32:15:    ▲ Next.js 15.5.4
2025-09-26T08:32:15:    - Local:        http://localhost:3000
2025-09-26T08:32:15:    - Network:      http://148.230.95.162:3000
2025-09-26T08:32:15: 
2025-09-26T08:32:15:  ✓ Starting...
2025-09-26T08:32:17: It looks like you're trying to use TypeScript but do not have the required package(s) installed.
2025-09-26T08:32:17: Installing dependencies
2025-09-26T08:32:17: 
2025-09-26T08:32:17: If you are not trying to use TypeScript, please remove the tsconfig.json file from your package root (and any TypeScript files in your app and pages directories).
2025-09-26T08:32:17: 
2025-09-26T08:32:17: 
2025-09-26T08:32:17: Installing devDependencies (npm):
2025-09-26T08:32:17: - typescript
2025-09-26T08:32:17: 
2025-09-26T08:32:18: [?25h
2025-09-26T08:32:18: 
2025-09-26T08:32:20: 
2025-09-26T08:32:20: > tootie-treats@1.0.0 dev
2025-09-26T08:32:20: > next dev
2025-09-26T08:32:20: 
2025-09-26T08:32:21:    ▲ Next.js 15.5.4
2025-09-26T08:32:21:    - Local:        http://localhost:3000
2025-09-26T08:32:21:    - Network:      http://148.230.95.162:3000
2025-09-26T08:32:21: 
2025-09-26T08:32:21:  ✓ Starting...
2025-09-26T08:32:22: It looks like you're trying to use TypeScript but do not have the required package(s) installed.
2025-09-26T08:32:22: Installing dependencies
2025-09-26T08:32:22: 
2025-09-26T08:32:22: If you are not trying to use TypeScript, please remove the tsconfig.json file from your package root (and any TypeScript files in your app and pages directories).
2025-09-26T08:32:22: 
2025-09-26T08:32:22: 
2025-09-26T08:32:22: Installing devDependencies (npm):
2025-09-26T08:32:22: - typescript
2025-09-26T08:32:22: 
2025-09-26T08:32:23: [?25h
2025-09-26T08:32:23: 
2025-09-26T08:32:25: 
2025-09-26T08:32:25: > tootie-treats@1.0.0 dev
2025-09-26T08:32:25: > next dev
2025-09-26T08:32:25: 
2025-09-26T08:32:26:    ▲ Next.js 15.5.4
2025-09-26T08:32:26:    - Local:        http://localhost:3000
2025-09-26T08:32:26:    - Network:      http://148.230.95.162:3000
2025-09-26T08:32:26: 
2025-09-26T08:32:26:  ✓ Starting...
2025-09-26T08:32:27: It looks like you're trying to use TypeScript but do not have the required package(s) installed.
2025-09-26T08:32:27: Installing dependencies
2025-09-26T08:32:27: 
2025-09-26T08:32:27: If you are not trying to use TypeScript, please remove the tsconfig.json file from your package root (and any TypeScript files in your app and pages directories).
2025-09-26T08:32:27: 
2025-09-26T08:32:27: 
2025-09-26T08:32:27: Installing devDependencies (npm):
2025-09-26T08:32:27: - typescript
2025-09-26T08:32:27: 
2025-09-26T08:32:28: [?25h
2025-09-26T08:32:28: 
2025-09-26T08:32:30: 
2025-09-26T08:32:30: > tootie-treats@1.0.0 dev
2025-09-26T08:32:30: > next dev
2025-09-26T08:32:30: 
2025-09-26T08:32:31:    ▲ Next.js 15.5.4
2025-09-26T08:32:31:    - Local:        http://localhost:3000
2025-09-26T08:32:31:    - Network:      http://148.230.95.162:3000
2025-09-26T08:32:31: 
2025-09-26T08:32:31:  ✓ Starting...
2025-09-26T08:32:32: It looks like you're trying to use TypeScript but do not have the required package(s) installed.
2025-09-26T08:32:32: Installing dependencies
2025-09-26T08:32:32: 
2025-09-26T08:32:32: If you are not trying to use TypeScript, please remove the tsconfig.json file from your package root (and any TypeScript files in your app and pages directories).
2025-09-26T08:32:32: 
2025-09-26T08:32:32: 
2025-09-26T08:32:32: Installing devDependencies (npm):
2025-09-26T08:32:32: - typescript
2025-09-26T08:32:32: 
2025-09-26T08:32:33: [?25h
2025-09-26T08:32:35: 
2025-09-26T08:32:35: > tootie-treats@1.0.0 dev
2025-09-26T08:32:35: > next dev
2025-09-26T08:32:35: 
2025-09-26T08:32:36:    ▲ Next.js 15.5.4
2025-09-26T08:32:36:    - Local:        http://localhost:3000
2025-09-26T08:32:36:    - Network:      http://148.230.95.162:3000
2025-09-26T08:32:36: 
2025-09-26T08:32:36:  ✓ Starting...
2025-09-26T08:32:37: It looks like you're trying to use TypeScript but do not have the required package(s) installed.
2025-09-26T08:32:37: Installing dependencies
2025-09-26T08:32:37: 
2025-09-26T08:32:37: If you are not trying to use TypeScript, please remove the tsconfig.json file from your package root (and any TypeScript files in your app and pages directories).
2025-09-26T08:32:37: 
2025-09-26T08:32:37: 
2025-09-26T08:32:37: Installing devDependencies (npm):
2025-09-26T08:32:37: - typescript
2025-09-26T08:32:37: 
2025-09-26T08:32:39: [?25h
2025-09-26T08:32:39: 
2025-09-26T08:32:40: 
2025-09-26T08:32:40: > tootie-treats@1.0.0 dev
2025-09-26T08:32:40: > next dev
2025-09-26T08:32:40: 
2025-09-26T08:32:41:    ▲ Next.js 15.5.4
2025-09-26T08:32:41:    - Local:        http://localhost:3000
2025-09-26T08:32:41:    - Network:      http://148.230.95.162:3000
2025-09-26T08:32:41: 
2025-09-26T08:32:41:  ✓ Starting...
2025-09-26T08:32:42: 
2025-09-26T08:32:42:    We detected TypeScript in your project and created a tsconfig.json file for you.
2025-09-26T08:32:42:  ✓ Ready in 1373ms
2025-09-26T08:32:53: [?25h
2025-09-26T08:32:54: 
2025-09-26T08:32:54: > tootie-treats@1.0.0 dev
2025-09-26T08:32:54: > next dev
2025-09-26T08:32:54: 
2025-09-26T08:32:55:    ▲ Next.js 15.5.4
2025-09-26T08:32:55:    - Local:        http://localhost:3000
2025-09-26T08:32:55:    - Network:      http://148.230.95.162:3000
2025-09-26T08:32:55: 
2025-09-26T08:32:55:  ✓ Starting...
2025-09-26T08:32:56:  ✓ Ready in 1479ms
2025-09-26T08:33:09:  ○ Compiling /keystatic/[[...params]] ...
2025-09-26T08:33:11:  ✓ Compiled /keystatic/[[...params]] in 2.1s (541 modules)
2025-09-26T08:33:12:  GET /keystatic 200 in 3496ms
2025-09-26T08:33:19:  GET /keystatic 200 in 114ms
2025-09-26T08:33:38:  ✓ Compiled in 1699ms (554 modules)
2025-09-26T08:33:48:  GET /keystatic 200 in 304ms
2025-09-26T08:34:08:  ✓ Compiled in 404ms (227 modules)
2025-09-26T08:34:20:  GET /keystatic 200 in 127ms
2025-09-26T08:36:18:  ✓ Compiled in 370ms (227 modules)
2025-09-26T08:38:02:  ✓ Compiled in 391ms (227 modules)
2025-09-26T08:38:29:  ✓ Compiled in 201ms (227 modules)
2025-09-26T08:38:40:  ✓ Compiled in 233ms (227 modules)
2025-09-26T08:39:24:  ✓ Compiled in 257ms (227 modules)
2025-09-26T08:39:33:  ✓ Compiled in 235ms (227 modules)
2025-09-26T08:39:39:  ○ Compiling / ...
2025-09-26T08:39:42:  GET / 500 in 3953ms
2025-09-26T08:39:42:  GET / 500 in 22ms
2025-09-26T08:40:11:  ✓ Compiled /_error in 428ms (383 modules)
2025-09-26T08:40:20:  ✓ Compiled in 255ms (383 modules)
2025-09-26T08:41:34:  GET / 500 in 38ms
2025-09-26T08:41:45:  GET / 500 in 25ms
2025-09-26T08:41:53:  GET / 500 in 20ms
2025-09-26T08:42:29:  ✓ Compiled in 382ms (383 modules)
2025-09-26T08:43:10:  GET / 500 in 20ms
2025-09-26T08:43:15:  ✓ Compiled in 273ms (383 modules)
2025-09-26T08:43:42:  ✓ Compiled in 232ms (383 modules)
2025-09-26T08:43:52:  ✓ Compiled in 259ms (383 modules)
2025-09-26T08:44:02: [?25h
2025-09-26T08:44:03: 
2025-09-26T08:44:03: > tootie-treats@1.0.0 dev
2025-09-26T08:44:03: > next dev
2025-09-26T08:44:03: 
2025-09-26T08:44:04:    ▲ Next.js 15.5.4
2025-09-26T08:44:04:    - Local:        http://localhost:3000
2025-09-26T08:44:04:    - Network:      http://148.230.95.162:3000
2025-09-26T08:44:04: 
2025-09-26T08:44:04:  ✓ Starting...
2025-09-26T08:44:05:  ✓ Ready in 1648ms
2025-09-26T08:44:13:  ○ Compiling /keystatic/[[...params]] ...
2025-09-26T08:44:15:  ✓ Compiled /keystatic/[[...params]] in 2.4s (554 modules)
2025-09-26T08:44:16:  GET /keystatic 200 in 3844ms
2025-09-26T08:44:20:  ○ Compiling / ...
2025-09-26T08:44:23:  GET / 500 in 2980ms
2025-09-26T08:44:43: [?25h
2025-09-26T08:44:44: 
2025-09-26T08:44:44: > tootie-treats@1.0.0 dev
2025-09-26T08:44:44: > next dev
2025-09-26T08:44:44: 
2025-09-26T08:44:45:    ▲ Next.js 15.5.4
2025-09-26T08:44:45:    - Local:        http://localhost:3000
2025-09-26T08:44:45:    - Network:      http://148.230.95.162:3000
2025-09-26T08:44:45: 
2025-09-26T08:44:45:  ✓ Starting...
2025-09-26T08:44:46:  ✓ Ready in 1442ms
2025-09-26T08:44:55:  ○ Compiling / ...
2025-09-26T08:45:07:  GET / 500 in 12275ms
2025-09-26T08:45:21: [?25h
2025-09-26T08:45:21: 
2025-09-26T08:45:22: 
2025-09-26T08:45:22: > tootie-treats@1.0.0 dev
2025-09-26T08:45:22: > next dev
2025-09-26T08:45:22: 
2025-09-26T08:45:23:    ▲ Next.js 15.5.4
2025-09-26T08:45:23:    - Local:        http://localhost:3000
2025-09-26T08:45:23:    - Network:      http://148.230.95.162:3000
2025-09-26T08:45:23: 
2025-09-26T08:45:23:  ✓ Starting...
2025-09-26T08:45:24:  ✓ Ready in 1493ms
2025-09-26T08:45:24:  ○ Compiling /_not-found ...
2025-09-26T08:45:27:  ✓ Compiled /_not-found in 2.7s (537 modules)
2025-09-26T08:45:27:  GET / 404 in 3166ms
2025-09-26T08:45:27:  GET / 404 in 3177ms
2025-09-26T08:45:30:  ○ Compiling / ...
2025-09-26T08:45:34:  GET / 500 in 4481ms
2025-09-26T08:45:34:  GET / 500 in 3258ms
2025-09-26T08:45:49:  ✓ Compiled /_error in 1529ms (981 modules)
2025-09-26T08:45:57:  GET / 200 in 691ms
2025-09-26T08:46:02:  ○ Compiling /keystatic/[[...params]] ...
2025-09-26T08:46:02:  ✓ Compiled /keystatic/[[...params]] in 519ms (974 modules)
2025-09-26T08:46:04:  GET /keystatic 200 in 1613ms
2025-09-26T08:55:32:  GET / 200 in 806ms
2025-09-26T08:55:32:  GET / 200 in 811ms
2025-09-26T08:55:41:  GET / 200 in 314ms
2025-09-26T09:52:26:  GET / 200 in 385ms
2025-09-26T10:05:22:  GET /wp-config.php 404 in 603ms
2025-09-26T10:05:22:  GET /actuator/heapdump 404 in 607ms
2025-09-26T10:05:22:  GET /api/v1/format_query 404 in 608ms
2025-09-26T10:05:22:  GET /database_backup.sql 404 in 624ms
2025-09-26T10:05:22:  GET /config.yml 404 in 614ms
2025-09-26T10:05:22:  GET /database.sql 404 in 621ms
2025-09-26T10:05:22:  GET /.ssh/id_ecdsa 404 in 924ms
2025-09-26T10:05:22:  GET /wp-admin/setup-config.php 404 in 909ms
2025-09-26T10:05:22:  GET /.ssh/id_ed25519 404 in 932ms
2025-09-26T10:05:22:  GET /.env 404 in 914ms
2025-09-26T10:05:22:  GET /.svn/wc.db 404 in 831ms
2025-09-26T10:05:22:  GET /metrics 404 in 929ms
2025-09-26T10:05:22:  GET /secrets.json 404 in 773ms
2025-09-26T10:05:22:  GET /api/.env 404 in 814ms
2025-09-26T10:05:22:  GET /backup.sql 404 in 736ms
2025-09-26T10:05:22:  GET /etc/ssl/private/server.key 404 in 852ms
2025-09-26T10:05:22:  GET /config.php 404 in 751ms
2025-09-26T10:05:22:  GET /settings.py 404 in 692ms
2025-09-26T10:05:22:  GET /.env.production 404 in 807ms
2025-09-26T10:05:22:  GET /.git/HEAD 404 in 723ms
2025-09-26T10:05:22:  GET /.vscode/sftp.json 404 in 806ms
2025-09-26T10:05:22:  GET /dump.sql 404 in 738ms
2025-09-26T10:05:23:  GET /_vti_pvt/service.pwd 404 in 788ms
2025-09-26T10:05:23:  GET /server-status 404 in 714ms
2025-09-26T10:05:23:  GET /.aws/credentials 404 in 735ms
2025-09-26T10:05:23:  GET /backup.tar.gz 404 in 751ms
2025-09-26T10:05:23:  GET /feed 404 in 741ms
2025-09-26T10:05:23:  GET /cloud-config.yml 404 in 661ms
2025-09-26T10:05:23:  GET /.ssh/id_rsa 404 in 725ms
2025-09-26T10:05:23:  GET /phpinfo.php 404 in 758ms
2025-09-26T10:05:23:  GET /user_secrets.yml 404 in 807ms
2025-09-26T10:05:23:  GET /server.key 404 in 750ms
2025-09-26T10:05:23:  GET /docker-compose.yml 404 in 877ms
2025-09-26T10:05:23:  GET /config.json 404 in 784ms
2025-09-26T10:05:23:  GET /backup.zip 404 in 648ms
2025-09-26T10:05:23:  GET /config/production.json 404 in 708ms
2025-09-26T10:05:23:  GET /config.yaml 404 in 634ms
2025-09-26T10:05:23:  GET /db/schema.rb 404 in 483ms
2025-09-26T10:05:23:  GET /config.xml 404 in 549ms
2025-09-26T10:05:23:  GET /web.config 404 in 476ms
2025-09-26T10:05:23:  GET / 200 in 728ms
2025-09-26T10:05:39:  GET / 200 in 279ms
2025-09-26T10:21:03:  GET / 200 in 878ms
2025-09-26T10:21:03:  GET / 200 in 736ms
2025-09-26T10:21:15:  GET / 200 in 307ms
2025-09-26T10:38:45:  GET / 200 in 779ms
2025-09-26T10:38:45:  GET / 200 in 783ms
2025-09-26T10:39:02:  GET / 200 in 414ms
2025-09-26T12:21:31:  GET / 200 in 2770ms
2025-09-26T12:28:51:  GET / 200 in 933ms
2025-09-26T12:28:52:  GET / 200 in 1044ms
2025-09-26T12:32:19:  GET / 200 in 396ms
2025-09-26T12:32:27:  GET /tootie.svg 404 in 59ms
2025-09-26T12:32:47:  GET /tootie.svg 404 in 55ms
2025-09-26T12:44:34:  GET / 200 in 640ms
2025-09-26T12:44:40:  GET / 200 in 348ms
2025-09-26T12:45:57:  GET / 200 in 352ms
2025-09-26T12:46:02:  GET / 200 in 749ms
2025-09-26T12:46:06:  GET / 200 in 384ms
2025-09-26T12:46:17:  GET / 200 in 293ms
2025-09-26T12:46:18:  GET /keystatic 200 in 145ms
2025-09-26T12:46:18:  GET /keystatic.config.js 404 in 124ms
2025-09-26T12:46:18:  GET /src/components/KeystaticAdmin.jsx 404 in 122ms
2025-09-26T12:46:24:  GET /keystatic 200 in 94ms
2025-09-26T12:46:31:  GET /keystatic 200 in 99ms
2025-09-26T14:06:23:  GET / 200 in 828ms
2025-09-26T15:43:31:  GET / 200 in 2513ms
2025-09-26T16:28:24:  GET /keystatic 200 in 190ms
2025-09-26T16:28:28:  GET /keystatic 200 in 104ms
2025-09-26T16:43:18:  ✓ Compiled in 1448ms (877 modules)
2025-09-26T16:45:16: [?25h
2025-09-26T16:45:16: 
2025-09-26T16:45:17: 
2025-09-26T16:45:17: > tootie-treats@1.0.0 dev
2025-09-26T16:45:17: > next dev
2025-09-26T16:45:17: 
2025-09-26T16:45:19:    ▲ Next.js 15.5.4
2025-09-26T16:45:19:    - Local:        http://localhost:3000
2025-09-26T16:45:19:    - Network:      http://148.230.95.162:3000
2025-09-26T16:45:19: 
2025-09-26T16:45:19:  ✓ Starting...
2025-09-26T16:45:21:  ✓ Ready in 2.1s
2025-09-26T17:20:06:  ○ Compiling / ...
2025-09-26T17:20:07:  ✓ Compiled / in 2s (622 modules)
2025-09-26T17:20:09:  GET / 200 in 3313ms
2025-09-26T17:20:10:  GET / 200 in 499ms
2025-09-26T17:20:11:  ○ Compiling /_not-found ...
2025-09-26T17:20:11:  ✓ Compiled /_not-found in 920ms (627 modules)
2025-09-26T17:20:12:  GET /tootie.svg 404 in 1235ms
2025-09-26T17:20:12:  GET /tootie.svg 404 in 44ms
2025-09-26T17:20:36:  GET / 200 in 524ms
2025-09-26T17:20:36:  GET /tootie.svg 404 in 60ms
2025-09-26T17:20:41:  ○ Compiling /keystatic/[[...params]] ...
2025-09-26T17:20:41:  ✓ Compiled /keystatic/[[...params]] in 749ms (635 modules)
2025-09-26T17:20:42:  GET /keystatic 200 in 1789ms
2025-09-26T17:20:42:  GET /tootie.svg 404 in 84ms
2025-09-26T17:21:29:  GET / 200 in 654ms
2025-09-26T17:21:30:  GET /tootie.svg 404 in 76ms
2025-09-26T17:25:27:  ○ Compiling /_error ...
2025-09-26T17:25:27:  GET /keystatic 500 in 2263ms
2025-09-26T17:28:14:  GET /keystatic 200 in 292ms
2025-09-26T17:28:15:  ✓ Compiled /_error in 1663ms (1088 modules)
2025-09-26T17:28:18:  GET /keystatic 500 in 3645ms
2025-09-26T17:28:24:  ○ Compiling /_not-found ...
2025-09-26T17:28:24:  ✓ Compiled /_not-found in 1056ms (967 modules)
2025-09-26T17:28:24:  GET /keystatic 404 in 1086ms
2025-09-26T17:28:24:  GET /tootie.svg 404 in 56ms
2025-09-26T17:28:45:  ✓ Compiled in 563ms (981 modules)
2025-09-26T17:28:46:  GET /keystatic 404 in 147ms
2025-09-26T17:28:46:  GET /keystatic 404 in 146ms
2025-09-26T17:28:46:  GET /tootie.svg 404 in 48ms
2025-09-26T17:29:18:  ✓ Compiled in 196ms (397 modules)
2025-09-26T17:29:18:  GET /keystatic 404 in 32ms
2025-09-26T17:29:18:  GET /keystatic 404 in 50ms
2025-09-26T17:29:18:  GET /tootie.svg 404 in 60ms
2025-09-26T17:30:10:  ○ Compiling /admin/[[...params]] ...
2025-09-26T17:30:10:  ✓ Compiled /admin/[[...params]] in 1015ms (1079 modules)
2025-09-26T17:30:12:  GET /admin 500 in 2076ms
2025-09-26T17:30:47:  ✓ Compiled in 9.2s (2496 modules)
2025-09-26T17:30:47:  GET /admin 200 in 247ms
2025-09-26T17:30:50:  GET /admin 500 in 3664ms
2025-09-26T17:30:54:  GET /admin 500 in 905ms
2025-09-26T17:31:59:  ✓ Compiled /admin/[[...params]] in 1044ms (2382 modules)
2025-09-26T17:31:59:  ✓ Compiled in 774ms (1786 modules)
2025-09-26T17:32:00:  GET /admin 200 in 942ms
2025-09-26T17:32:00:  GET /admin 200 in 77ms
2025-09-26T17:32:01:  GET /admin 200 in 1827ms
2025-09-26T17:32:02:  ○ Compiling /_not-found ...
2025-09-26T17:32:03:  ✓ Compiled /_not-found in 1103ms (2503 modules)
2025-09-26T17:32:03:  GET /tootie.svg 404 in 1318ms
2025-09-26T17:32:04:  ○ Compiling /api/keystatic/[[...params]] ...
2025-09-26T17:32:05:  ✓ Compiled /api/keystatic/[[...params]] in 1255ms (2519 modules)
2025-09-26T17:32:06:  GET /api/keystatic/tree 200 in 2640ms
2025-09-26T17:32:09:  GET /api/keystatic/blob/585099eec9a111ccb196fc4505e23c8126317d5d/content/singletons/hero.yaml 200 in 58ms
2025-09-26T17:32:10:  GET /api/keystatic/blob/3b54ab77902620aa249406a37d522f044cb28aca/content/singletons/highlights.yaml 200 in 53ms
2025-09-26T17:32:11:  GET /api/keystatic/blob/c89988b6742d75e2d14ad38e82e1b79777dff2ed/content/singletons/contact.yaml 200 in 51ms
2025-09-26T17:35:33:  GET /admin 200 in 413ms
2025-09-26T17:35:34:  GET /tootie.svg 404 in 149ms
2025-09-26T17:35:36:  GET /api/keystatic/tree 200 in 224ms
2025-09-26T17:36:00:  GET /apple-touch-icon-precomposed.png 404 in 175ms
2025-09-26T17:36:00:  GET /apple-touch-icon.png 404 in 184ms
2025-09-26T17:36:00:  GET /keystatic 404 in 185ms
2025-09-26T17:36:45:  GET /api/keystatic/blob/585099eec9a111ccb196fc4505e23c8126317d5d/content/singletons/hero.yaml 200 in 68ms
2025-09-26T17:36:47:  GET /api/keystatic/blob/3b54ab77902620aa249406a37d522f044cb28aca/content/singletons/highlights.yaml 200 in 68ms
2025-09-26T17:36:48:  GET /api/keystatic/blob/c89988b6742d75e2d14ad38e82e1b79777dff2ed/content/singletons/contact.yaml 200 in 22ms
2025-09-26T17:36:48:  GET /api/keystatic/blob/0c48b857f44a0923abeae8a95b07a8316f1b975e/content/singletons/faq.yaml 200 in 87ms
2025-09-26T17:36:49:  GET /api/keystatic/blob/184c4b09ef82182c3cc9500a5b4149313643b529/content/singletons/testimonials.yaml 200 in 79ms
2025-09-26T17:36:50:  GET /api/keystatic/blob/57a5913efd4716cb9d732ad48c6abcebf4daa03e/content/singletons/classes.yaml 200 in 18ms
2025-09-26T17:36:56:  GET /keystatic 404 in 59ms
2025-09-26T17:36:56:  GET /tootie.svg 404 in 52ms
2025-09-26T17:36:57:  GET /keystatic 404 in 54ms
2025-09-26T17:36:57:  GET /tootie.svg 404 in 54ms
2025-09-26T17:36:59:  GET /keystatic 404 in 52ms
2025-09-26T17:37:00:  GET /tootie.svg 404 in 70ms
2025-09-26T17:59:00:  GET /keystatic 404 in 75ms
2025-09-26T17:59:00:  GET /tootie.svg 404 in 75ms
2025-09-26T17:59:35:  GET /keystatic 404 in 67ms
2025-09-26T17:59:35:  GET /tootie.svg 404 in 70ms
2025-09-26T17:59:41:  GET /admin 200 in 140ms
2025-09-26T17:59:41:  GET /tootie.svg 404 in 99ms
2025-09-26T17:59:42:  GET /api/keystatic/tree 200 in 160ms
2025-09-26T17:59:47:  GET /apple-touch-icon.png 404 in 139ms
2025-09-26T17:59:47:  GET /apple-touch-icon-precomposed.png 404 in 132ms
2025-09-26T17:59:47:  GET /keystatic 404 in 146ms
2025-09-26T17:59:47:  GET /keystatic 404 in 51ms
2025-09-26T17:59:47:  GET /tootie.svg 404 in 48ms
2025-09-26T18:00:33:  ✓ Compiled in 3.3s (2533 modules)
2025-09-26T18:00:33:  GET /keystatic 404 in 64ms
2025-09-26T18:00:33:  GET /keystatic 404 in 2149ms
2025-09-26T18:00:33:  GET /tootie.svg 404 in 103ms
2025-09-26T18:00:37:  GET /admin 200 in 244ms
2025-09-26T18:00:37:  GET /tootie.svg 404 in 170ms
2025-09-26T18:00:39:  GET /api/keystatic/tree 200 in 332ms
2025-09-26T18:00:47:  ✓ Compiled in 545ms (2533 modules)
2025-09-26T18:00:47:  GET /admin 200 in 204ms
2025-09-26T18:01:02:  ✓ Compiled in 1367ms (983 modules)
2025-09-26T18:01:03:  GET /admin 404 in 745ms
2025-09-26T18:01:03:  GET /admin 404 in 28ms
2025-09-26T18:01:03:  GET /admin 404 in 26ms
2025-09-26T18:01:03:  GET /admin 404 in 128ms
2025-09-26T18:01:03:  GET /tootie.svg 404 in 50ms
2025-09-26T18:01:12:  ✓ Compiled in 190ms (398 modules)
2025-09-26T18:01:12:  GET /admin 404 in 23ms
2025-09-26T18:01:12:  GET /admin 404 in 55ms
2025-09-26T18:01:12:  GET /tootie.svg 404 in 51ms
2025-09-26T18:01:14:  GET /admin 404 in 75ms
2025-09-26T18:01:14:  GET /tootie.svg 404 in 93ms
2025-09-26T18:01:19:  ○ Compiling /keystatic/[[...params]] ...
2025-09-26T18:01:23:  ✓ Compiled /keystatic/[[...params]] in 4s (2519 modules)
2025-09-26T18:01:23:  GET /admin 404 in 103ms
2025-09-26T18:01:24:  GET /keystatic 200 in 5081ms
2025-09-26T18:01:24:  GET /tootie.svg 404 in 189ms
2025-09-26T18:01:25:  GET /api/keystatic/tree 200 in 254ms
2025-09-26T18:02:04:    Reload env: .env.local
2025-09-26T18:02:05:  ✓ Compiled in 597ms (2519 modules)
2025-09-26T18:02:05:  GET /keystatic 200 in 208ms
2025-09-26T18:02:07:  ✓ Compiled in 975ms (2519 modules)
2025-09-26T18:02:08:  GET /keystatic 200 in 225ms
2025-09-26T18:02:11:  GET /keystatic 200 in 319ms
2025-09-26T18:02:11:  GET /tootie.svg 404 in 154ms
2025-09-26T18:02:12:  GET /api/keystatic/tree 200 in 217ms
2025-09-26T18:02:16:  GET / 200 in 426ms
2025-09-26T18:02:16:  GET /tootie.svg 404 in 52ms
2025-09-26T18:02:18:  GET / 200 in 364ms
2025-09-26T18:02:18:  GET /tootie.svg 404 in 62ms
2025-09-26T18:02:18:  GET /tootie.svg 404 in 42ms
2025-09-26T18:02:20:  GET /admin 404 in 62ms
2025-09-26T18:02:20:  GET /tootie.svg 404 in 53ms
2025-09-26T18:02:33:  GET /keystatic 200 in 141ms
2025-09-26T18:02:34:  GET /tootie.svg 404 in 74ms
2025-09-26T18:02:35:  GET /api/keystatic/tree 200 in 240ms
2025-09-26T18:02:46:    Reload env: .env.local
2025-09-26T18:02:46:  ✓ Compiled in 555ms (2519 modules)
2025-09-26T18:02:47:  GET /keystatic 200 in 185ms
2025-09-26T18:03:01:    Reload env: .env
2025-09-26T18:03:02:  ✓ Compiled in 824ms (2519 modules)
2025-09-26T18:03:02:  GET /keystatic 200 in 181ms
2025-09-26T18:03:03:  ✓ Compiled in 448ms (2519 modules)
2025-09-26T18:03:03:  GET /keystatic 200 in 135ms
2025-09-26T18:03:29: [?25h
2025-09-26T18:03:30: 
2025-09-26T18:03:30: > tootie-treats@1.0.0 dev
2025-09-26T18:03:30: > next dev
2025-09-26T18:03:30: 
2025-09-26T18:03:31:    ▲ Next.js 15.5.4
2025-09-26T18:03:31:    - Local:        http://localhost:3000
2025-09-26T18:03:31:    - Network:      http://148.230.95.162:3000
2025-09-26T18:03:31:    - Environments: .env
2025-09-26T18:03:31: 
2025-09-26T18:03:31:  ✓ Starting...
2025-09-26T18:03:33:  ✓ Ready in 1643ms
2025-09-26T18:03:33:  ○ Compiling /_not-found ...
2025-09-26T18:03:35:  ✓ Compiled /_not-found in 2.8s (537 modules)
2025-09-26T18:03:36:  GET /keystatic 404 in 3415ms
2025-09-26T18:03:36:  GET /tootie.svg 404 in 75ms
2025-09-26T18:03:39:  ○ Compiling /keystatic/[[...params]] ...
2025-09-26T18:03:42:  ✓ Compiled /keystatic/[[...params]] in 3.8s (2061 modules)
2025-09-26T18:03:44:  GET /keystatic 200 in 6042ms
2025-09-26T18:03:44:  GET /tootie.svg 404 in 116ms
2025-09-26T18:03:46:  ○ Compiling /api/keystatic/[[...params]] ...
2025-09-26T18:03:47:  ✓ Compiled /api/keystatic/[[...params]] in 1583ms (2093 modules)
2025-09-26T18:03:48:  GET /api/keystatic/tree 200 in 2499ms
2025-09-26T18:10:29:  ○ Compiling / ...
2025-09-26T18:10:30:  ✓ Compiled / in 1339ms (2159 modules)
2025-09-26T18:10:31:  ○ Compiling /_error ...
2025-09-26T18:10:32:  ✓ Compiled /_error in 2s (2499 modules)
2025-09-26T18:10:34:  GET / 500 in 6004ms
2025-09-26T18:10:34:  GET / 500 in 303ms
2025-09-26T18:15:33:  ○ Compiling /_not-found ...
2025-09-26T18:15:34:  ✓ Compiled /_not-found in 1000ms (2337 modules)
2025-09-26T18:15:35:  ✓ Compiled /_error in 384ms (2416 modules)
2025-09-26T18:15:35:  GET /keystatic 500 in 2065ms
2025-09-26T18:15:35:  GET /keystatic 500 in 59ms
2025-09-26T18:15:39:  ✓ Compiled / in 128ms (713 modules)
2025-09-26T18:15:39:  GET / 500 in 932ms
2025-09-26T18:15:39:  GET / 500 in 64ms
2025-09-26T18:16:15:  GET / 500 in 284ms
2025-09-26T18:16:15:  GET / 500 in 92ms
2025-09-26T18:16:16:  GET / 500 in 172ms
2025-09-26T18:16:16:  GET / 500 in 69ms
2025-09-26T18:16:17:  GET / 500 in 175ms
2025-09-26T18:16:17:  GET / 500 in 81ms
2025-09-26T18:16:34: [?25h
2025-09-26T18:16:34: 
2025-09-26T18:16:34: 
2025-09-26T18:16:34: > tootie-treats@1.0.0 dev
2025-09-26T18:16:34: > next dev
2025-09-26T18:16:34: 
2025-09-26T18:16:35:    ▲ Next.js 15.5.4
2025-09-26T18:16:35:    - Local:        http://localhost:3000
2025-09-26T18:16:35:    - Network:      http://148.230.95.162:3000
2025-09-26T18:16:35:    - Environments: .env
2025-09-26T18:16:35: 
2025-09-26T18:16:35:  ✓ Starting...
2025-09-26T18:16:37:  ✓ Ready in 1548ms
2025-09-26T18:16:37:  ○ Compiling /_not-found ...
2025-09-26T18:16:38:  ✓ Compiled /_not-found in 1215ms (523 modules)
2025-09-26T18:16:38:  GET / 404 in 1606ms
2025-09-26T18:16:38:  GET /tootie.svg 404 in 74ms
2025-09-26T18:16:41:  ○ Compiling / ...
2025-09-26T18:16:42:  ✓ Compiled / in 935ms (627 modules)
2025-09-26T18:16:42:  GET / 200 in 1637ms
2025-09-26T18:16:43:  GET /tootie.svg 404 in 69ms
2025-09-26T18:16:45:  ○ Compiling /keystatic/[[...params]] ...
2025-09-26T18:16:47:  ✓ Compiled /keystatic/[[...params]] in 2.6s (2163 modules)
2025-09-26T18:16:48:  GET /keystatic 200 in 3773ms
2025-09-26T18:16:49:  GET /tootie.svg 404 in 68ms
2025-09-26T18:16:50:  ○ Compiling /api/keystatic/[[...params]] ...
2025-09-26T18:16:51:  ✓ Compiled /api/keystatic/[[...params]] in 979ms (2179 modules)
2025-09-26T18:16:52:  GET /api/keystatic/tree 200 in 1981ms
2025-09-26T18:16:52:  GET /keystatic 200 in 325ms
2025-09-26T18:16:53:  GET /tootie.svg 404 in 84ms
2025-09-26T18:16:54:  GET /api/keystatic/tree 200 in 125ms
2025-09-26T18:17:40:  GET /api/keystatic/blob/585099eec9a111ccb196fc4505e23c8126317d5d/content/singletons/hero.yaml 200 in 53ms
2025-09-26T18:17:49:  GET /api/keystatic/blob/3b54ab77902620aa249406a37d522f044cb28aca/content/singletons/highlights.yaml 200 in 44ms
2025-09-26T18:17:51:  GET /api/keystatic/blob/0c48b857f44a0923abeae8a95b07a8316f1b975e/content/singletons/faq.yaml 200 in 139ms
2025-09-26T18:17:52:  GET /api/keystatic/blob/184c4b09ef82182c3cc9500a5b4149313643b529/content/singletons/testimonials.yaml 200 in 46ms
2025-09-26T18:17:57:  GET /api/keystatic/blob/57a5913efd4716cb9d732ad48c6abcebf4daa03e/content/singletons/classes.yaml 200 in 34ms
2025-09-26T18:19:40:  GET /keystatic/singleton/classes 200 in 155ms
2025-09-26T18:19:41:  GET /tootie.svg 404 in 100ms
2025-09-26T18:19:42:  GET /api/keystatic/tree 200 in 116ms
2025-09-26T18:19:42:  GET /api/keystatic/blob/57a5913efd4716cb9d732ad48c6abcebf4daa03e/content/singletons/classes.yaml 200 in 70ms
2025-09-26T18:40:46:  ✓ Compiled in 714ms (1635 modules)
2025-09-26T18:43:32:  GET / 200 in 434ms
2025-09-26T18:43:32:  ○ Compiling /_not-found ...
2025-09-26T18:43:33:  ✓ Compiled /_not-found in 814ms (2164 modules)
2025-09-26T18:43:33:  GET /tootie.svg 404 in 1059ms
2025-09-26T18:43:33:  GET /tootie.svg 404 in 55ms
2025-09-26T18:43:34:  GET /keystatic 200 in 174ms
2025-09-26T18:43:34:  GET /tootie.svg 404 in 72ms
2025-09-26T18:43:35:  ✓ Compiled /api/keystatic/[[...params]] in 139ms (540 modules)
2025-09-26T18:43:36:  GET /api/keystatic/tree 200 in 445ms
2025-09-26T18:43:43:  GET /keystatic 200 in 286ms
2025-09-26T18:43:44:  GET /tootie.svg 404 in 67ms
2025-09-26T18:43:44:  GET /apple-touch-icon-precomposed.png 404 in 100ms
2025-09-26T18:43:44:  GET /apple-touch-icon.png 404 in 100ms
2025-09-26T18:43:45:  GET /api/keystatic/tree 200 in 207ms
2025-09-26T18:43:45:  GET /keystatic 200 in 225ms
2025-09-26T18:43:45:  GET /tootie.svg 404 in 54ms
2025-09-26T18:46:22:  GET /apple-touch-icon-precomposed.png 404 in 118ms
2025-09-26T18:46:22:  GET /apple-touch-icon.png 404 in 114ms
2025-09-26T18:46:22:  GET /keystatic 200 in 119ms
2025-09-26T18:46:22:  GET /tootie.svg 404 in 57ms
2025-09-26T18:46:24:  GET /keystatic 200 in 130ms
2025-09-26T18:48:30:  GET /apple-touch-icon-precomposed.png 404 in 102ms
2025-09-26T18:48:30:  GET /apple-touch-icon.png 404 in 98ms
2025-09-26T18:48:41:  GET /keystatic 200 in 118ms
2025-09-26T18:48:42:  GET /tootie.svg 404 in 76ms
2025-09-26T18:48:44:  GET /api/keystatic/tree 200 in 147ms
2025-09-26T18:48:49:  GET /apple-touch-icon-precomposed.png 404 in 107ms
2025-09-26T18:48:49:  GET /apple-touch-icon.png 404 in 116ms
2025-09-26T18:49:03:  GET /apple-touch-icon-precomposed.png 404 in 100ms
2025-09-26T18:49:03:  GET /apple-touch-icon.png 404 in 99ms
2025-09-26T18:49:04:  GET /apple-touch-icon-precomposed.png 404 in 89ms
2025-09-26T18:49:04:  GET /apple-touch-icon.png 404 in 92ms
2025-09-26T18:53:02:  GET /api/keystatic/blob/585099eec9a111ccb196fc4505e23c8126317d5d/content/singletons/hero.yaml 200 in 53ms
2025-09-26T19:31:35:  GET / 200 in 859ms
2025-09-26T19:31:35:  GET / 200 in 527ms
2025-09-26T19:31:41:  GET / 200 in 368ms
2025-09-26T19:50:11:  GET / 200 in 423ms
2025-09-26T19:50:11:  GET /tootie.svg 404 in 56ms
2025-09-26T19:50:12:  GET /keystatic 200 in 106ms
2025-09-26T19:50:13:  GET /tootie.svg 404 in 69ms
2025-09-26T19:50:14:  GET /api/keystatic/tree 200 in 154ms
2025-09-26T19:50:16:  GET /api/keystatic/blob/585099eec9a111ccb196fc4505e23c8126317d5d/content/singletons/hero.yaml 200 in 42ms
2025-09-26T20:19:47:  GET /apple-touch-icon.png 404 in 104ms
2025-09-26T20:19:47:  GET /apple-touch-icon-precomposed.png 404 in 103ms
2025-09-26T20:23:46:  GET /assets/index-4YPRjJF7.js 404 in 103ms
2025-09-26T20:23:46:  GET /assets/index-Cy5ryi6l.css 404 in 108ms
2025-09-26T20:23:46:  GET /vite.svg 404 in 50ms
2025-09-26T20:23:46:  GET /vite.svg 404 in 43ms
2025-09-26T20:23:49:  GET /assets/index-4YPRjJF7.js 404 in 82ms
2025-09-26T20:23:49:  GET /assets/index-Cy5ryi6l.css 404 in 80ms
2025-09-26T20:23:49:  GET /vite.svg 404 in 45ms
2025-09-26T20:24:26: [?25h
2025-09-26T20:24:26: 
2025-09-26T20:24:28: 
2025-09-26T20:24:28: > tootie-treats@1.0.0 dev
2025-09-26T20:24:28: > next dev
2025-09-26T20:24:28: 
2025-09-26T20:24:29:    ▲ Next.js 15.5.4
2025-09-26T20:24:29:    - Local:        http://localhost:3000
2025-09-26T20:24:29:    - Network:      http://148.230.95.162:3000
2025-09-26T20:24:29:    - Environments: .env
2025-09-26T20:24:29: 
2025-09-26T20:24:29:  ✓ Starting...
2025-09-26T20:24:31:  ✓ Ready in 1909ms
2025-09-26T20:27:49: [?25h
2025-09-26T20:27:59: 
2025-09-26T20:27:59: > tootie-treats@1.0.0 dev
2025-09-26T20:27:59: > next dev
2025-09-26T20:27:59: 
2025-09-26T20:28:00:    ▲ Next.js 15.5.4
2025-09-26T20:28:00:    - Local:        http://localhost:3000
2025-09-26T20:28:00:    - Network:      http://148.230.95.162:3000
2025-09-26T20:28:00:    - Environments: .env
2025-09-26T20:28:00: 
2025-09-26T20:28:00:  ✓ Starting...
2025-09-26T20:28:02:  ✓ Ready in 2.2s
2025-09-26T20:30:08:  ○ Compiling / ...
2025-09-26T20:30:10:  ✓ Compiled / in 2.6s (622 modules)
2025-09-26T20:30:13:  GET / 200 in 4704ms
2025-09-26T20:30:13:  ○ Compiling /_not-found ...
2025-09-26T20:30:14:  ✓ Compiled /_not-found in 1226ms (627 modules)
2025-09-26T20:30:14:  GET /tootie.svg 404 in 1532ms
2025-09-26T20:30:14:  GET /tootie.svg 404 in 66ms
2025-09-26T20:30:19:  ○ Compiling /keystatic/[[...params]] ...
2025-09-26T20:30:23:  ✓ Compiled /keystatic/[[...params]] in 4.7s (2163 modules)
2025-09-26T20:30:23:  GET /assets/index-4YPRjJF7.js 404 in 2881ms
2025-09-26T20:30:23:  GET /assets/index-Cy5ryi6l.css 404 in 2887ms
2025-09-26T20:30:24:  GET /vite.svg 404 in 70ms
2025-09-26T20:30:24:  GET /vite.svg 404 in 74ms
2025-09-26T20:30:26:  GET /assets/index-4YPRjJF7.js 404 in 109ms
2025-09-26T20:30:26:  GET /assets/index-Cy5ryi6l.css 404 in 107ms
2025-09-26T20:30:26:  GET /vite.svg 404 in 58ms
2025-09-26T20:30:52:  HEAD / 200 in 362ms
2025-09-26T20:30:54:  GET / 200 in 470ms
2025-09-26T20:50:43:  GET / 200 in 395ms
2025-09-26T20:50:44:  GET / 200 in 474ms
2025-09-26T22:13:16: 
2025-09-26T22:13:16: > tootie-treats@1.0.0 dev
2025-09-26T22:13:16: > next dev
2025-09-26T22:13:16: 
2025-09-26T22:13:17:    ▲ Next.js 15.5.4
2025-09-26T22:13:17:    - Local:        http://localhost:3000
2025-09-26T22:13:17:    - Network:      http://148.230.95.162:3000
2025-09-26T22:13:17:    - Environments: .env
2025-09-26T22:13:17: 
2025-09-26T22:13:17:  ✓ Starting...
2025-09-26T22:13:19:  ✓ Ready in 1474ms
2025-09-26T22:13:19:  ○ Compiling /_not-found ...
2025-09-26T22:13:46:  GET / 500 in 1448ms
2025-09-26T22:13:46:  GET / 500 in 314ms
2025-09-26T22:14:11:  ✓ Compiled /_error in 786ms (1047 modules)
2025-09-26T22:14:13:  GET / 200 in 1128ms
2025-09-26T22:14:14:  GET / 200 in 2937ms
2025-09-26T22:14:14: [?25h
2025-09-26T22:14:14: 
2025-09-26T22:14:15: 
2025-09-26T22:14:15: > tootie-treats@1.0.0 dev
2025-09-26T22:14:15: > next dev
2025-09-26T22:14:15: 
2025-09-26T22:14:16:    ▲ Next.js 15.5.4
2025-09-26T22:14:16:    - Local:        http://localhost:3000
2025-09-26T22:14:16:    - Network:      http://148.230.95.162:3000
2025-09-26T22:14:16:    - Environments: .env
2025-09-26T22:14:16: 
2025-09-26T22:14:16:  ✓ Starting...
2025-09-26T22:14:17:  ✓ Ready in 1486ms
2025-09-26T22:14:19:  ○ Compiling / ...
2025-09-26T22:14:22:  ✓ Compiled / in 3.2s (702 modules)
2025-09-26T22:14:22:  GET / 200 in 4073ms
2025-09-26T22:16:32:  ✓ Compiled in 645ms (702 modules)
2025-09-26T22:16:49:  GET / 200 in 700ms
2025-09-26T22:17:59:  ✓ Compiled in 614ms (702 modules)
2025-09-26T22:18:20:  ✓ Compiled in 362ms (702 modules)
2025-09-26T22:18:31:  GET / 200 in 650ms
2025-09-26T22:19:10:  ✓ Compiled in 815ms (702 modules)
2025-09-26T22:19:24:  GET / 200 in 692ms
2025-09-26T22:20:04:  ✓ Compiled in 403ms (702 modules)
2025-09-26T22:22:18:  ✓ Compiled in 765ms (702 modules)
2025-09-26T22:22:46:  GET / 200 in 713ms
2025-09-26T22:22:51:  GET / 200 in 354ms
2025-09-26T22:23:30:  ✓ Compiled in 580ms (702 modules)
2025-09-26T22:23:47:  GET / 200 in 706ms
2025-09-26T22:23:51:  GET / 200 in 463ms
2025-09-26T22:24:47:  ✓ Compiled in 618ms (702 modules)
2025-09-26T22:25:54:  GET / 200 in 741ms
2025-09-26T22:26:01:  GET / 200 in 420ms
2025-09-26T22:26:03:  GET / 200 in 355ms
2025-09-26T22:47:26:  GET / 200 in 29042ms
2025-09-26T22:49:32:  GET / 200 in 476ms
2025-09-26T22:49:39:  GET / 200 in 331ms
2025-09-26T22:51:08:  ✓ Compiled in 645ms (702 modules)
2025-09-26T22:51:22:  ✓ Compiled in 709ms (702 modules)
2025-09-26T22:51:32:  ✓ Compiled in 489ms (270 modules)
2025-09-26T22:56:42:  GET / 200 in 702ms
2025-09-26T22:59:52:  ○ Compiling /keystatic/[[...params]] ...
2025-09-26T22:59:59:  ✓ Compiled /keystatic/[[...params]] in 7.5s (2224 modules)
2025-09-26T23:00:00:  HEAD /keystatic 200 in 8557ms
2025-09-26T23:00:47:  GET / 200 in 495ms
2025-09-26T23:22:51:  ○ Compiling /keystatic/[[...params]] ...
2025-09-26T23:22:52:  ✓ Compiled /keystatic/[[...params]] in 1010ms (934 modules)
2025-09-26T23:22:52:  HEAD /keystatic 200 in 1419ms
2025-09-26T23:52:20:  GET / 200 in 511ms
2025-09-26T23:52:26:  ○ Compiling /_not-found ...
2025-09-26T23:52:26:  ✓ Compiled /_not-found in 751ms (806 modules)
2025-09-26T23:52:27:  GET /tootie.svg 404 in 1038ms
2025-09-27T00:29:58:  GET / 200 in 488ms
2025-09-27T00:32:37:  ✓ Compiled in 958ms (383 modules)
2025-09-27T00:34:22:  ✓ Compiled in 1344ms (802 modules)
2025-09-27T00:35:02:  ✓ Compiled in 390ms (383 modules)
2025-09-27T00:36:02:  ✓ Compiled in 288ms (383 modules)
2025-09-27T00:37:32:  ✓ Compiled in 323ms (383 modules)
2025-09-27T00:37:36:  ✓ Compiled in 216ms (383 modules)
2025-09-27T00:38:32:  ✓ Compiled in 109ms (209 modules)
2025-09-27T00:38:32:  ✓ Compiled in 69ms (209 modules)
2025-09-27T00:44:33:  ✓ Compiled in 234ms (209 modules)
2025-09-27T00:45:23:  ✓ Compiled in 82ms (209 modules)
2025-09-27T00:45:28:  ✓ Compiled in 70ms (209 modules)
2025-09-27T00:45:59:  ✓ Compiled in 64ms (209 modules)
2025-09-27T00:49:20:    ▲ Next.js 15.5.4
2025-09-27T00:49:20:    - Local:        http://localhost:3000
2025-09-27T00:49:20:    - Network:      http://148.230.95.162:3000
2025-09-27T00:49:20:    - Environments: .env
2025-09-27T00:49:20: 
2025-09-27T00:49:20:  ✓ Starting...
2025-09-27T00:49:22:  ✓ Ready in 2.8s
